i:\c++\qtatm\x64\debug\qtatm.pch
i:\c++\qtatm\x64\debug\vc142.pdb
i:\c++\qtatm\x64\debug\stdafx.obj
i:\c++\qtatm\x64\debug\correctdialog.obj
i:\c++\qtatm\x64\debug\global.obj
i:\c++\qtatm\x64\debug\joinpage.obj
i:\c++\qtatm\x64\debug\nuserpage.obj
i:\c++\qtatm\x64\debug\transferdialog.obj
i:\c++\qtatm\x64\debug\moc_sqliteoperator.obj
i:\c++\qtatm\x64\debug\moc_nuserpage.obj
i:\c++\qtatm\x64\debug\moc_guidepage.obj
i:\c++\qtatm\x64\debug\cashdialog.obj
i:\c++\qtatm\x64\debug\guidepage.obj
i:\c++\qtatm\x64\debug\main.obj
i:\c++\qtatm\x64\debug\searchdialog.obj
i:\c++\qtatm\x64\debug\useritemdrawer.obj
i:\c++\qtatm\x64\debug\moc_qtatm.obj
i:\c++\qtatm\x64\debug\moc_accountdialog.obj
i:\c++\qtatm\x64\debug\moc_cashdialog.obj
i:\c++\qtatm\x64\debug\moc_huserpage.obj
i:\c++\qtatm\x64\debug\changepwddialog.obj
i:\c++\qtatm\x64\debug\huserpage.obj
i:\c++\qtatm\x64\debug\qtatm.obj
i:\c++\qtatm\x64\debug\sqliteoperator.obj
i:\c++\qtatm\x64\debug\moc_joinpage.obj
i:\c++\qtatm\x64\debug\moc_depositdialog.obj
i:\c++\qtatm\x64\debug\moc_correctdialog.obj
i:\c++\qtatm\x64\debug\moc_restpwddialog.obj
i:\c++\qtatm\x64\debug\accountdialog.obj
i:\c++\qtatm\x64\debug\depositdialog.obj
i:\c++\qtatm\x64\debug\loginpage.obj
i:\c++\qtatm\x64\debug\modifydialog.obj
i:\c++\qtatm\x64\debug\restpwddialog.obj
i:\c++\qtatm\x64\debug\moc_useritemdrawer.obj
i:\c++\qtatm\x64\debug\moc_transferdialog.obj
i:\c++\qtatm\x64\debug\moc_loginpage.obj
i:\c++\qtatm\x64\debug\moc_changepwddialog.obj
i:\c++\qtatm\x64\debug\moc_modifydialog.obj
i:\c++\qtatm\x64\debug\moc_searchdialog.obj
i:\c++\qtatm\x64\debug\qrc_qtatm.obj
i:\c++\qtatm\x64\debug\qtatm.ilk
i:\c++\qtatm\x64\debug\qtatm.exe
i:\c++\qtatm\x64\debug\qtatm.pdb
i:\c++\qtatm\.\generatedfiles\debug\moc_useritemdrawer.cpp
i:\c++\qtatm\.\generatedfiles\debug\moc_transferdialog.cpp
i:\c++\qtatm\.\generatedfiles\debug\moc_qtatm.cpp
i:\c++\qtatm\.\generatedfiles\debug\moc_joinpage.cpp
i:\c++\qtatm\.\generatedfiles\debug\moc_sqliteoperator.cpp
i:\c++\qtatm\.\generatedfiles\debug\moc_loginpage.cpp
i:\c++\qtatm\.\generatedfiles\debug\moc_nuserpage.cpp
i:\c++\qtatm\.\generatedfiles\debug\moc_accountdialog.cpp
i:\c++\qtatm\.\generatedfiles\debug\moc_depositdialog.cpp
i:\c++\qtatm\.\generatedfiles\debug\moc_cashdialog.cpp
i:\c++\qtatm\.\generatedfiles\debug\moc_changepwddialog.cpp
i:\c++\qtatm\.\generatedfiles\debug\moc_correctdialog.cpp
i:\c++\qtatm\.\generatedfiles\debug\moc_guidepage.cpp
i:\c++\qtatm\.\generatedfiles\debug\moc_huserpage.cpp
i:\c++\qtatm\.\generatedfiles\debug\moc_modifydialog.cpp
i:\c++\qtatm\.\generatedfiles\debug\moc_restpwddialog.cpp
i:\c++\qtatm\.\generatedfiles\debug\moc_searchdialog.cpp
i:\c++\qtatm\generatedfiles\ui_accountdialog.h
i:\c++\qtatm\generatedfiles\ui_cashdialog.h
i:\c++\qtatm\generatedfiles\ui_changepwddialog.h
i:\c++\qtatm\generatedfiles\ui_correctdialog.h
i:\c++\qtatm\generatedfiles\ui_depositdialog.h
i:\c++\qtatm\generatedfiles\ui_guidepage.h
i:\c++\qtatm\generatedfiles\ui_huserpage.h
i:\c++\qtatm\generatedfiles\ui_joinpage.h
i:\c++\qtatm\generatedfiles\ui_loginpage.h
i:\c++\qtatm\generatedfiles\ui_modifydialog.h
i:\c++\qtatm\generatedfiles\ui_nuserpage.h
i:\c++\qtatm\generatedfiles\ui_qtatm.h
i:\c++\qtatm\generatedfiles\ui_restpwddialog.h
i:\c++\qtatm\generatedfiles\ui_searchdialog.h
i:\c++\qtatm\generatedfiles\ui_transferdialog.h
i:\c++\qtatm\generatedfiles\qrc_qtatm.cpp
i:\c++\qtatm\generatedfiles\debug\moc_useritemdrawer.cpp
i:\c++\qtatm\generatedfiles\debug\moc_transferdialog.cpp
i:\c++\qtatm\generatedfiles\debug\moc_qtatm.cpp
i:\c++\qtatm\generatedfiles\debug\moc_joinpage.cpp
i:\c++\qtatm\generatedfiles\debug\moc_sqliteoperator.cpp
i:\c++\qtatm\generatedfiles\debug\moc_loginpage.cpp
i:\c++\qtatm\generatedfiles\debug\moc_nuserpage.cpp
i:\c++\qtatm\generatedfiles\debug\moc_accountdialog.cpp
i:\c++\qtatm\generatedfiles\debug\moc_depositdialog.cpp
i:\c++\qtatm\generatedfiles\debug\moc_cashdialog.cpp
i:\c++\qtatm\generatedfiles\debug\moc_changepwddialog.cpp
i:\c++\qtatm\generatedfiles\debug\moc_correctdialog.cpp
i:\c++\qtatm\generatedfiles\debug\moc_guidepage.cpp
i:\c++\qtatm\generatedfiles\debug\moc_huserpage.cpp
i:\c++\qtatm\generatedfiles\debug\moc_modifydialog.cpp
i:\c++\qtatm\generatedfiles\debug\moc_restpwddialog.cpp
i:\c++\qtatm\generatedfiles\debug\moc_searchdialog.cpp
i:\c++\qtatm\x64\debug\qtatm.res
i:\c++\qtatm\.\generatedfiles\qrc_qtatm.cpp
i:\c++\qtatm\.\generatedfiles\ui_accountdialog.h
i:\c++\qtatm\.\generatedfiles\ui_cashdialog.h
i:\c++\qtatm\.\generatedfiles\ui_changepwddialog.h
i:\c++\qtatm\.\generatedfiles\ui_correctdialog.h
i:\c++\qtatm\.\generatedfiles\ui_depositdialog.h
i:\c++\qtatm\.\generatedfiles\ui_guidepage.h
i:\c++\qtatm\.\generatedfiles\ui_huserpage.h
i:\c++\qtatm\.\generatedfiles\ui_joinpage.h
i:\c++\qtatm\.\generatedfiles\ui_loginpage.h
i:\c++\qtatm\.\generatedfiles\ui_modifydialog.h
i:\c++\qtatm\.\generatedfiles\ui_nuserpage.h
i:\c++\qtatm\.\generatedfiles\ui_qtatm.h
i:\c++\qtatm\.\generatedfiles\ui_restpwddialog.h
i:\c++\qtatm\.\generatedfiles\ui_searchdialog.h
i:\c++\qtatm\.\generatedfiles\ui_transferdialog.h
i:\c++\qtatm\x64\debug\qtatm.tlog\cl.command.1.tlog
i:\c++\qtatm\x64\debug\qtatm.tlog\cl.read.1.tlog
i:\c++\qtatm\x64\debug\qtatm.tlog\cl.write.1.tlog
i:\c++\qtatm\x64\debug\qtatm.tlog\link.command.1.tlog
i:\c++\qtatm\x64\debug\qtatm.tlog\link.read.1.tlog
i:\c++\qtatm\x64\debug\qtatm.tlog\link.write.1.tlog
i:\c++\qtatm\x64\debug\qtatm.tlog\moc.read.1u.tlog
i:\c++\qtatm\x64\debug\qtatm.tlog\moc.write.1u.tlog
i:\c++\qtatm\x64\debug\qtatm.tlog\qtatm.write.1u.tlog
i:\c++\qtatm\x64\debug\qtatm.tlog\rc.command.1.tlog
i:\c++\qtatm\x64\debug\qtatm.tlog\rc.read.1.tlog
i:\c++\qtatm\x64\debug\qtatm.tlog\rc.write.1.tlog
i:\c++\qtatm\x64\debug\qtatm.tlog\rcc.read.1u.tlog
i:\c++\qtatm\x64\debug\qtatm.tlog\rcc.write.1u.tlog
i:\c++\qtatm\x64\debug\qtatm.tlog\uic.read.1u.tlog
i:\c++\qtatm\x64\debug\qtatm.tlog\uic.write.1u.tlog
